SF:lib/core/enums/employment_status.dart
DA:9,1
DA:10,1
DA:12,1
DA:14,1
DA:18,1
DA:25,1
DA:26,1
DA:27,1
DA:28,1
DA:29,1
DA:30,1
DA:31,1
DA:32,1
DA:38,1
DA:39,1
DA:40,1
DA:41,1
DA:42,1
DA:45,1
DA:46,1
DA:47,1
DA:48,1
DA:49,1
LF:23
LH:23
end_of_record
SF:lib/core/utils/either.dart
DA:9,5
DA:13,7
DA:15,7
DA:17,2
DA:18,1
DA:19,0
DA:22,2
DA:23,0
DA:24,1
DA:31,4
DA:33,3
DA:35,6
DA:37,0
DA:38,0
DA:44,4
DA:46,3
DA:48,6
DA:50,0
DA:51,0
DA:54,2
DA:56,2
DA:57,2
DA:58,2
DA:59,1
DA:60,2
DA:62,1
DA:63,2
LF:27
LH:21
end_of_record
SF:lib/core/utils/safe_print.dart
DA:3,2
DA:4,2
LF:2
LH:2
end_of_record
SF:lib/core/http/http_client.dart
DA:16,1
DA:20,3
DA:21,3
DA:24,1
DA:25,1
DA:31,1
DA:40,1
DA:41,2
DA:48,2
DA:49,1
DA:51,0
DA:52,0
DA:54,1
DA:55,0
DA:58,1
DA:59,1
DA:60,2
DA:61,1
DA:64,2
DA:65,3
DA:66,2
DA:70,0
DA:75,1
DA:76,2
DA:77,1
DA:78,3
DA:79,1
DA:81,1
LF:28
LH:24
end_of_record
SF:lib/app/employee_productivity/bloc/employee_productivity_bloc.dart
DA:13,1
DA:14,1
DA:15,2
DA:18,1
DA:22,2
DA:23,0
DA:25,2
DA:26,1
DA:27,2
DA:28,2
DA:30,1
DA:33,1
DA:34,1
DA:35,2
LF:14
LH:13
end_of_record
SF:lib/app/employee_productivity/bloc/employee_productivity_state.dart
DA:14,4
DA:20,1
DA:25,1
DA:26,0
DA:27,1
DA:28,1
DA:32,1
DA:33,1
DA:34,1
DA:35,1
DA:36,1
DA:41,3
DA:43,3
DA:45,3
DA:49,0
DA:50,0
DA:53,0
DA:54,0
DA:55,0
DA:56,0
DA:57,0
LF:21
LH:13
end_of_record
SF:lib/app/employee_productivity/repository/employee_repository_impl.dart
DA:10,1
DA:14,1
DA:17,1
DA:18,3
DA:23,1
DA:24,2
DA:25,1
DA:26,1
DA:27,1
DA:28,2
DA:29,0
LF:11
LH:10
end_of_record
SF:lib/core/models/employee.model.dart
DA:15,0
DA:25,0
DA:27,0
DA:29,0
DA:30,0
LF:5
LH:0
end_of_record
SF:lib/core/models/employee.model.g.dart
DA:9,0
DA:10,0
DA:11,0
DA:12,0
DA:13,0
DA:14,0
DA:15,0
DA:16,0
DA:19,0
DA:20,0
DA:21,0
DA:22,0
DA:23,0
DA:24,0
DA:25,0
DA:26,0
LF:16
LH:0
end_of_record
